<?xml version="1.0" encoding="UTF-8"?>
<!-- Generated by org.testng.reporters.JUnitReportReporter -->
<testsuite hostname="Meh-PC" name="Proximity_Encryption_Suite.File_Loading_ThreadIT" tests="2" failures="0" timestamp="5 May 2015 17:16:35 GMT" time="0.561" errors="0">
  <testcase name="testRun" time="0.048" classname="Proximity_Encryption_Suite.File_Loading_ThreadIT"/>
  <testcase name="testSetSpeficDir" time="0.513" classname="Proximity_Encryption_Suite.File_Loading_ThreadIT"/>
</testsuite> <!-- Proximity_Encryption_Suite.File_Loading_ThreadIT -->
