<?xml version="1.0" encoding="UTF-8"?>
<!-- Generated by org.testng.reporters.JUnitReportReporter -->
<testsuite hostname="Meh-PC" name="Proximity_Encryption_Suite.Test_Device" tests="1" failures="0" timestamp="5 May 2015 17:16:35 GMT" time="0.009" errors="0">
  <testcase name="test_Check_Device" time="0.009" classname="Proximity_Encryption_Suite.Test_Device"/>
</testsuite> <!-- Proximity_Encryption_Suite.Test_Device -->
