<?xml version="1.0" encoding="UTF-8"?>
<!-- Generated by org.testng.reporters.JUnitReportReporter -->
<testsuite hostname="Meh-PC" name="Proximity_Encryption_Suite.Test_Main" tests="2" failures="0" timestamp="5 May 2015 17:16:35 GMT" time="0.010" errors="0">
  <testcase name="test_Get_Account_ID" time="0.005" classname="Proximity_Encryption_Suite.Test_Main"/>
  <testcase name="test_Get_File_ID" time="0.005" classname="Proximity_Encryption_Suite.Test_Main"/>
</testsuite> <!-- Proximity_Encryption_Suite.Test_Main -->
