<?xml version="1.0" encoding="UTF-8"?>
<!-- Generated by org.testng.reporters.JUnitReportReporter -->
<testsuite hostname="Meh-PC" name="Proximity_Encryption_Suite.Test_Account" tests="5" failures="0" timestamp="5 May 2015 17:16:35 GMT" time="0.039" errors="0">
  <testcase name="test_Check_Email" time="0.019" classname="Proximity_Encryption_Suite.Test_Account"/>
  <testcase name="test_Password_Strength" time="0.001" classname="Proximity_Encryption_Suite.Test_Account"/>
  <testcase name="test_Valid_Email" time="0.001" classname="Proximity_Encryption_Suite.Test_Account"/>
  <testcase name="test_Convert_SHA1" time="0.000" classname="Proximity_Encryption_Suite.Test_Account"/>
  <testcase name="test_Check_Username" time="0.018" classname="Proximity_Encryption_Suite.Test_Account"/>
</testsuite> <!-- Proximity_Encryption_Suite.Test_Account -->
