<?xml version="1.0" encoding="UTF-8"?>
<!-- Generated by org.testng.reporters.JUnitReportReporter -->
<testsuite hostname="Meh-PC" name="Proximity_Encryption_Suite.Device_Monitoring_ThreadIT" tests="1" failures="0" timestamp="5 May 2015 17:16:35 GMT" time="0.010" errors="0">
  <testcase name="test_Device_Thread" time="0.010" classname="Proximity_Encryption_Suite.Device_Monitoring_ThreadIT"/>
</testsuite> <!-- Proximity_Encryption_Suite.Device_Monitoring_ThreadIT -->
