<?xml version="1.0" encoding="UTF-8"?>
<!-- Generated by org.testng.reporters.JUnitReportReporter -->
<testsuite hostname="Meh-PC" name="Proximity_Encryption_Suite.Login_Account_Recover_PasswordIT" tests="4" failures="0" timestamp="5 May 2015 17:16:35 GMT" time="0.183" errors="0">
  <testcase name="testSetQuestion" time="0.036" classname="Proximity_Encryption_Suite.Login_Account_Recover_PasswordIT"/>
  <testcase name="testIsShouldAdd" time="0.035" classname="Proximity_Encryption_Suite.Login_Account_Recover_PasswordIT"/>
  <testcase name="testSetAnswer" time="0.062" classname="Proximity_Encryption_Suite.Login_Account_Recover_PasswordIT"/>
  <testcase name="testSetUsername" time="0.050" classname="Proximity_Encryption_Suite.Login_Account_Recover_PasswordIT"/>
</testsuite> <!-- Proximity_Encryption_Suite.Login_Account_Recover_PasswordIT -->
