<?xml version="1.0" encoding="UTF-8"?>
<!-- Generated by org.testng.reporters.JUnitReportReporter -->
<testsuite hostname="Meh-PC" name="Proximity_Encryption_Suite.Suite_WindowIT" tests="3" failures="0" timestamp="5 May 2015 17:16:35 GMT" time="0.079" errors="0">
  <testcase name="testGetFileSize" time="0.016" classname="Proximity_Encryption_Suite.Suite_WindowIT"/>
  <testcase name="testGetAccountDetails" time="0.036" classname="Proximity_Encryption_Suite.Suite_WindowIT"/>
  <testcase name="testRemoveFile" time="0.027" classname="Proximity_Encryption_Suite.Suite_WindowIT"/>
</testsuite> <!-- Proximity_Encryption_Suite.Suite_WindowIT -->
