<?xml version="1.0" encoding="UTF-8"?>
<!-- Generated by org.testng.reporters.JUnitReportReporter -->
<testsuite hostname="Meh-PC" name="Proximity_Encryption_Suite.Files_RemoveIT" tests="4" failures="0" timestamp="5 May 2015 17:16:35 GMT" time="0.170" errors="0">
  <testcase name="testIsDidRemove" time="0.039" classname="Proximity_Encryption_Suite.Files_RemoveIT"/>
  <testcase name="testSetDidRemove" time="0.035" classname="Proximity_Encryption_Suite.Files_RemoveIT"/>
  <testcase name="testPropertyChange" time="0.041" classname="Proximity_Encryption_Suite.Files_RemoveIT"/>
  <testcase name="testGetSelectedFolder" time="0.055" classname="Proximity_Encryption_Suite.Files_RemoveIT"/>
</testsuite> <!-- Proximity_Encryption_Suite.Files_RemoveIT -->
