<?xml version="1.0" encoding="UTF-8"?>
<!-- Generated by org.testng.reporters.JUnitReportReporter -->
<testsuite hostname="Meh-PC" name="Proximity_Encryption_Suite.Files_EncryptionIT" tests="2" failures="0" timestamp="5 May 2015 17:16:35 GMT" time="0.095" errors="0">
  <testcase name="testIsDid_Encrypt" time="0.058" classname="Proximity_Encryption_Suite.Files_EncryptionIT"/>
  <testcase name="testSetDid_Encrypt" time="0.037" classname="Proximity_Encryption_Suite.Files_EncryptionIT"/>
</testsuite> <!-- Proximity_Encryption_Suite.Files_EncryptionIT -->
