<?xml version="1.0" encoding="UTF-8"?>
<!-- Generated by org.testng.reporters.JUnitReportReporter -->
<testsuite hostname="Meh-PC" name="Proximity_Encryption_Suite.Files_DecryptionIT" tests="3" failures="0" timestamp="5 May 2015 17:16:35 GMT" time="0.126" errors="0">
  <testcase name="testGetFileEncryptionStatus" time="0.041" classname="Proximity_Encryption_Suite.Files_DecryptionIT"/>
  <testcase name="testIsDid_Decrypt" time="0.038" classname="Proximity_Encryption_Suite.Files_DecryptionIT"/>
  <testcase name="testSetDid_Decrypt" time="0.047" classname="Proximity_Encryption_Suite.Files_DecryptionIT"/>
</testsuite> <!-- Proximity_Encryption_Suite.Files_DecryptionIT -->
