<?xml version="1.0" encoding="UTF-8"?>
<!-- Generated by org.testng.reporters.JUnitReportReporter -->
<testsuite hostname="Meh-PC" name="Proximity_Encryption_Suite.Files_AddIT" tests="4" failures="0" timestamp="5 May 2015 17:16:35 GMT" time="0.380" errors="0">
  <testcase name="testIsDidAdd" time="0.068" classname="Proximity_Encryption_Suite.Files_AddIT"/>
  <testcase name="testGetSelectedFolder" time="0.104" classname="Proximity_Encryption_Suite.Files_AddIT"/>
  <testcase name="testGetCurrent_Folder" time="0.150" classname="Proximity_Encryption_Suite.Files_AddIT"/>
  <testcase name="testSetDidAdd" time="0.058" classname="Proximity_Encryption_Suite.Files_AddIT"/>
</testsuite> <!-- Proximity_Encryption_Suite.Files_AddIT -->
