<?xml version="1.0" encoding="UTF-8"?>
<!-- Generated by org.testng.reporters.JUnitReportReporter -->
<testsuite hostname="Meh-PC" name="Proximity_Encryption_Suite.Encryption_AESIT" tests="4" failures="0" timestamp="5 May 2015 17:16:35 GMT" time="0.155" errors="0">
  <testcase name="testDecrypt" time="0.154" classname="Proximity_Encryption_Suite.Encryption_AESIT"/>
  <testcase name="testSetEncrypted" time="0.000" classname="Proximity_Encryption_Suite.Encryption_AESIT"/>
  <testcase name="testIsEncrypted" time="0.001" classname="Proximity_Encryption_Suite.Encryption_AESIT"/>
  <testcase name="testEncrypt" time="0.000" classname="Proximity_Encryption_Suite.Encryption_AESIT"/>
</testsuite> <!-- Proximity_Encryption_Suite.Encryption_AESIT -->
