<?xml version="1.0" encoding="UTF-8"?>
<!-- Generated by org.testng.reporters.JUnitReportReporter -->
<testsuite hostname="Meh-PC" name="Proximity_Encryption_Suite.Suite_DatabaseIT" tests="4" failures="0" timestamp="5 May 2015 17:16:35 GMT" time="0.010" errors="0">
  <testcase name="testGetJDBC_DRIVER" time="0.000" classname="Proximity_Encryption_Suite.Suite_DatabaseIT"/>
  <testcase name="testStartDatabase" time="0.010" classname="Proximity_Encryption_Suite.Suite_DatabaseIT"/>
  <testcase name="testGetCONNECT_DB_URL" time="0.000" classname="Proximity_Encryption_Suite.Suite_DatabaseIT"/>
  <testcase name="testGetDB_URL" time="0.000" classname="Proximity_Encryption_Suite.Suite_DatabaseIT"/>
</testsuite> <!-- Proximity_Encryption_Suite.Suite_DatabaseIT -->
